{"total": {"lines":{"total":423,"covered":422,"skipped":0,"pct":99.76},"statements":{"total":463,"covered":459,"skipped":0,"pct":99.13},"functions":{"total":159,"covered":158,"skipped":0,"pct":99.37},"branches":{"total":232,"covered":204,"skipped":0,"pct":87.93},"branchesTrue":{"total":0,"covered":0,"skipped":0,"pct":"Unknown"}}
,"D:\\GIT\\Courses\\my-design-patterns-app\\src\\patterns\\Adapter.ts": {"lines":{"total":9,"covered":9,"skipped":0,"pct":100},"functions":{"total":3,"covered":3,"skipped":0,"pct":100},"statements":{"total":9,"covered":9,"skipped":0,"pct":100},"branches":{"total":8,"covered":8,"skipped":0,"pct":100}}
,"D:\\GIT\\Courses\\my-design-patterns-app\\src\\patterns\\Command.ts": {"lines":{"total":83,"covered":83,"skipped":0,"pct":100},"functions":{"total":28,"covered":27,"skipped":0,"pct":96.42},"statements":{"total":89,"covered":89,"skipped":0,"pct":100},"branches":{"total":33,"covered":32,"skipped":0,"pct":96.96}}
,"D:\\GIT\\Courses\\my-design-patterns-app\\src\\patterns\\Composite.ts": {"lines":{"total":44,"covered":44,"skipped":0,"pct":100},"functions":{"total":21,"covered":21,"skipped":0,"pct":100},"statements":{"total":46,"covered":46,"skipped":0,"pct":100},"branches":{"total":10,"covered":8,"skipped":0,"pct":80}}
,"D:\\GIT\\Courses\\my-design-patterns-app\\src\\patterns\\Decorator.ts": {"lines":{"total":21,"covered":21,"skipped":0,"pct":100},"functions":{"total":9,"covered":9,"skipped":0,"pct":100},"statements":{"total":22,"covered":22,"skipped":0,"pct":100},"branches":{"total":8,"covered":7,"skipped":0,"pct":87.5}}
,"D:\\GIT\\Courses\\my-design-patterns-app\\src\\patterns\\Facade.ts": {"lines":{"total":79,"covered":79,"skipped":0,"pct":100},"functions":{"total":25,"covered":25,"skipped":0,"pct":100},"statements":{"total":90,"covered":88,"skipped":0,"pct":97.77},"branches":{"total":56,"covered":45,"skipped":0,"pct":80.35}}
,"D:\\GIT\\Courses\\my-design-patterns-app\\src\\patterns\\Flyweight.ts": {"lines":{"total":7,"covered":7,"skipped":0,"pct":100},"functions":{"total":2,"covered":2,"skipped":0,"pct":100},"statements":{"total":8,"covered":8,"skipped":0,"pct":100},"branches":{"total":4,"covered":4,"skipped":0,"pct":100}}
,"D:\\GIT\\Courses\\my-design-patterns-app\\src\\patterns\\Mediator.ts": {"lines":{"total":17,"covered":17,"skipped":0,"pct":100},"functions":{"total":6,"covered":6,"skipped":0,"pct":100},"statements":{"total":18,"covered":18,"skipped":0,"pct":100},"branches":{"total":8,"covered":8,"skipped":0,"pct":100}}
,"D:\\GIT\\Courses\\my-design-patterns-app\\src\\patterns\\Observer.ts": {"lines":{"total":7,"covered":7,"skipped":0,"pct":100},"functions":{"total":7,"covered":7,"skipped":0,"pct":100},"statements":{"total":9,"covered":9,"skipped":0,"pct":100},"branches":{"total":2,"covered":2,"skipped":0,"pct":100}}
,"D:\\GIT\\Courses\\my-design-patterns-app\\src\\patterns\\Singleton.ts": {"lines":{"total":13,"covered":13,"skipped":0,"pct":100},"functions":{"total":6,"covered":6,"skipped":0,"pct":100},"statements":{"total":14,"covered":14,"skipped":0,"pct":100},"branches":{"total":4,"covered":4,"skipped":0,"pct":100}}
,"D:\\GIT\\Courses\\my-design-patterns-app\\src\\patterns\\Strategy.ts": {"lines":{"total":25,"covered":25,"skipped":0,"pct":100},"functions":{"total":7,"covered":7,"skipped":0,"pct":100},"statements":{"total":29,"covered":29,"skipped":0,"pct":100},"branches":{"total":31,"covered":28,"skipped":0,"pct":90.32}}
,"D:\\GIT\\Courses\\my-design-patterns-app\\src\\patterns\\Template.ts": {"lines":{"total":59,"covered":58,"skipped":0,"pct":98.3},"functions":{"total":25,"covered":25,"skipped":0,"pct":100},"statements":{"total":62,"covered":61,"skipped":0,"pct":98.38},"branches":{"total":30,"covered":25,"skipped":0,"pct":83.33}}
,"D:\\GIT\\Courses\\my-design-patterns-app\\src\\patterns\\Visitor.ts": {"lines":{"total":59,"covered":59,"skipped":0,"pct":100},"functions":{"total":20,"covered":20,"skipped":0,"pct":100},"statements":{"total":67,"covered":66,"skipped":0,"pct":98.5},"branches":{"total":38,"covered":33,"skipped":0,"pct":86.84}}
}
